<?xml version="1.0" encoding="UTF-8"?>
<testsuite xmlns:xsi="http://www.w3.org/2001/XMLSchema-instance" xsi:noNamespaceSchemaLocation="https://maven.apache.org/surefire/maven-surefire-plugin/xsd/surefire-test-report-3.0.xsd" version="3.0" name="sn.sir.wallet.sirwalletapp.SirWalletAppApplicationTests" time="0.074" tests="1" errors="0" skipped="0" failures="0">
  <properties>
[...]
</properties>
  <testcase name="contextLoads" classname="sn.sir.wallet.sirwalletapp.SirWalletAppApplicationTests" time="0.016">
    <system-out><![CDATA[2023-09-24T00:09:49.588+02:00  INFO 14604 --- [           main] t.c.s.AnnotationConfigContextLoaderUtils : Could not detect default configuration classes for test class [sn.sir.wallet.sirwalletapp.SirWalletAppApplicationTests]: SirWalletAppApplicationTests does not declare any static, non-private, non-final, nested classes annotated with @Configuration.
2023-09-24T00:09:49.617+02:00  INFO 14604 --- [           main] .b.t.c.SpringBootTestContextBootstrapper : Found @SpringBootConfiguration sn.sir.wallet.sirwalletapp.SirWalletAppApplication for test class sn.sir.wallet.sirwalletapp.SirWalletAppApplicationTests
]]></system-out>
  </testcase>
</testsuite>